<?xml version="1.0" encoding="UTF-8"?>
<!-- Generated by org.testng.reporters.JUnitXMLReporter -->
<testsuite ignored="0" hostname="DannOfThursday" failures="0" tests="3" name="RegressionOfEdge" time="47.013" errors="0" timestamp="2022-05-11T18:35:00 EDT">
  <testcase classname="piit.AutomationTrainingProgram.Browser2" name="f" time="1.336"/>
  <testcase classname="piit.AutomationTrainingProgram.Signout" name="f" time="16.309"/>
  <testcase classname="piit.AutomationTrainingProgram.Signout" name="TextVerificationMethod" time="5.707"/>
</testsuite> <!-- RegressionOfEdge -->
