<?xml version="1.0" encoding="UTF-8"?>
<!-- Generated by org.testng.reporters.JUnitXMLReporter -->
<testsuite ignored="0" hostname="DannOfThursday" failures="0" tests="3" name="RegressionOfFirefox" time="74.889" errors="0" timestamp="2022-05-11T18:35:28 EDT">
  <testcase classname="piit.AutomationTrainingProgram.Browser2" name="f" time="0.735"/>
  <testcase classname="piit.AutomationTrainingProgram.Signout" name="f" time="20.757"/>
  <testcase classname="piit.AutomationTrainingProgram.Signout" name="TextVerificationMethod" time="9.221"/>
</testsuite> <!-- RegressionOfFirefox -->
