<?xml version="1.0" encoding="UTF-8"?>
<!-- Generated by org.testng.reporters.JUnitXMLReporter -->
<testsuite ignored="0" hostname="DannOfThursday" failures="0" tests="2" name="RegressionOfFirefox" time="30.935" errors="0" timestamp="2022-05-11T22:22:40 EDT">
  <testcase classname="piit.AutomationTrainingProgram.Signout" name="f" time="11.151"/>
  <testcase classname="piit.AutomationTrainingProgram.Signout" name="TextVerificationMethod" time="5.277"/>
</testsuite> <!-- RegressionOfFirefox -->
