<?xml version="1.0" encoding="UTF-8"?>
<testng-results ignored="0" total="9" passed="9" failed="0" skipped="0">
  <reporter-output>
  </reporter-output>
  <suite started-at="2022-05-11T18:34:13 EDT" name="Adhoc" finished-at="2022-05-11T18:35:28 EDT" duration-ms="74896">
    <groups>
    </groups>
    <test started-at="2022-05-11T18:34:13 EDT" name="RegressionOfEdge" finished-at="2022-05-11T18:35:00 EDT" duration-ms="47013">
      <class name="piit.AutomationTrainingProgram.Signout">
        <test-method is-config="true" signature="beforeClass(java.lang.String)[pri:0, instance:piit.AutomationTrainingProgram.Signout@351d00c0]" started-at="2022-05-11T18:34:25 EDT" name="beforeClass" finished-at="2022-05-11T18:34:38 EDT" duration-ms="12716" status="PASS">
          <params>
            <param index="0">
              <value>
                <![CDATA[Edge]]>
              </value>
            </param>
          </params>
          <reporter-output>
          </reporter-output>
        </test-method> <!-- beforeClass -->
        <test-method is-config="true" signature="beforeClass()[pri:0, instance:piit.AutomationTrainingProgram.Signout@351d00c0]" started-at="2022-05-11T18:34:38 EDT" name="beforeClass" finished-at="2022-05-11T18:34:38 EDT" duration-ms="0" status="PASS">
          <reporter-output>
          </reporter-output>
        </test-method> <!-- beforeClass -->
        <test-method signature="f()[pri:1, instance:piit.AutomationTrainingProgram.Signout@351d00c0]" started-at="2022-05-11T18:34:38 EDT" name="f" finished-at="2022-05-11T18:34:54 EDT" duration-ms="16309" status="PASS">
          <reporter-output>
          </reporter-output>
        </test-method> <!-- f -->
        <test-method signature="TextVerificationMethod()[pri:2, instance:piit.AutomationTrainingProgram.Signout@351d00c0]" started-at="2022-05-11T18:34:54 EDT" name="TextVerificationMethod" finished-at="2022-05-11T18:35:00 EDT" depends-on-methods="piit.AutomationTrainingProgram.Signout.f" duration-ms="5707" status="PASS">
          <reporter-output>
          </reporter-output>
        </test-method> <!-- TextVerificationMethod -->
        <test-method is-config="true" signature="afterClass()[pri:0, instance:piit.AutomationTrainingProgram.Signout@351d00c0]" started-at="2022-05-11T18:35:00 EDT" name="afterClass" finished-at="2022-05-11T18:35:00 EDT" duration-ms="1" status="PASS">
          <reporter-output>
          </reporter-output>
        </test-method> <!-- afterClass -->
      </class> <!-- piit.AutomationTrainingProgram.Signout -->
      <class name="piit.AutomationTrainingProgram.Browser2">
        <test-method is-config="true" signature="beforeClass(java.lang.String)[pri:0, instance:piit.AutomationTrainingProgram.Browser2@38d8f54a]" started-at="2022-05-11T18:34:13 EDT" name="beforeClass" finished-at="2022-05-11T18:34:24 EDT" duration-ms="10888" status="PASS">
          <params>
            <param index="0">
              <value>
                <![CDATA[Edge]]>
              </value>
            </param>
          </params>
          <reporter-output>
          </reporter-output>
        </test-method> <!-- beforeClass -->
        <test-method is-config="true" signature="beforeClass()[pri:0, instance:piit.AutomationTrainingProgram.Browser2@38d8f54a]" started-at="2022-05-11T18:34:24 EDT" name="beforeClass" finished-at="2022-05-11T18:34:24 EDT" duration-ms="1" status="PASS">
          <reporter-output>
          </reporter-output>
        </test-method> <!-- beforeClass -->
        <test-method signature="f()[pri:0, instance:piit.AutomationTrainingProgram.Browser2@38d8f54a]" started-at="2022-05-11T18:34:24 EDT" name="f" finished-at="2022-05-11T18:34:25 EDT" duration-ms="1336" status="PASS">
          <reporter-output>
          </reporter-output>
        </test-method> <!-- f -->
        <test-method is-config="true" signature="afterClass()[pri:0, instance:piit.AutomationTrainingProgram.Browser2@38d8f54a]" started-at="2022-05-11T18:34:25 EDT" name="afterClass" finished-at="2022-05-11T18:34:25 EDT" duration-ms="2" status="PASS">
          <reporter-output>
          </reporter-output>
        </test-method> <!-- afterClass -->
      </class> <!-- piit.AutomationTrainingProgram.Browser2 -->
    </test> <!-- RegressionOfEdge -->
    <test started-at="2022-05-11T18:34:13 EDT" name="RegressionOfChrome" finished-at="2022-05-11T18:35:25 EDT" duration-ms="71577">
      <class name="piit.AutomationTrainingProgram.Signout">
        <test-method is-config="true" signature="beforeClass(java.lang.String)[pri:0, instance:piit.AutomationTrainingProgram.Signout@72d1ad2e]" started-at="2022-05-11T18:34:25 EDT" name="beforeClass" finished-at="2022-05-11T18:34:34 EDT" duration-ms="8449" status="PASS">
          <params>
            <param index="0">
              <value>
                <![CDATA[Chrome]]>
              </value>
            </param>
          </params>
          <reporter-output>
          </reporter-output>
        </test-method> <!-- beforeClass -->
        <test-method is-config="true" signature="beforeClass()[pri:0, instance:piit.AutomationTrainingProgram.Signout@72d1ad2e]" started-at="2022-05-11T18:34:34 EDT" name="beforeClass" finished-at="2022-05-11T18:34:34 EDT" duration-ms="1" status="PASS">
          <reporter-output>
          </reporter-output>
        </test-method> <!-- beforeClass -->
        <test-method signature="f()[pri:1, instance:piit.AutomationTrainingProgram.Signout@72d1ad2e]" started-at="2022-05-11T18:34:34 EDT" name="f" finished-at="2022-05-11T18:35:19 EDT" duration-ms="45637" status="PASS">
          <reporter-output>
          </reporter-output>
        </test-method> <!-- f -->
        <test-method signature="TextVerificationMethod()[pri:2, instance:piit.AutomationTrainingProgram.Signout@72d1ad2e]" started-at="2022-05-11T18:35:19 EDT" name="TextVerificationMethod" finished-at="2022-05-11T18:35:25 EDT" depends-on-methods="piit.AutomationTrainingProgram.Signout.f" duration-ms="5311" status="PASS">
          <reporter-output>
          </reporter-output>
        </test-method> <!-- TextVerificationMethod -->
        <test-method is-config="true" signature="afterClass()[pri:0, instance:piit.AutomationTrainingProgram.Signout@72d1ad2e]" started-at="2022-05-11T18:35:25 EDT" name="afterClass" finished-at="2022-05-11T18:35:25 EDT" duration-ms="3" status="PASS">
          <reporter-output>
          </reporter-output>
        </test-method> <!-- afterClass -->
      </class> <!-- piit.AutomationTrainingProgram.Signout -->
      <class name="piit.AutomationTrainingProgram.Browser2">
        <test-method is-config="true" signature="beforeClass(java.lang.String)[pri:0, instance:piit.AutomationTrainingProgram.Browser2@2a798d51]" started-at="2022-05-11T18:34:13 EDT" name="beforeClass" finished-at="2022-05-11T18:34:24 EDT" duration-ms="10572" status="PASS">
          <params>
            <param index="0">
              <value>
                <![CDATA[Chrome]]>
              </value>
            </param>
          </params>
          <reporter-output>
          </reporter-output>
        </test-method> <!-- beforeClass -->
        <test-method is-config="true" signature="beforeClass()[pri:0, instance:piit.AutomationTrainingProgram.Browser2@2a798d51]" started-at="2022-05-11T18:34:24 EDT" name="beforeClass" finished-at="2022-05-11T18:34:24 EDT" duration-ms="4" status="PASS">
          <reporter-output>
          </reporter-output>
        </test-method> <!-- beforeClass -->
        <test-method signature="f()[pri:0, instance:piit.AutomationTrainingProgram.Browser2@2a798d51]" started-at="2022-05-11T18:34:24 EDT" name="f" finished-at="2022-05-11T18:34:25 EDT" duration-ms="1487" status="PASS">
          <reporter-output>
          </reporter-output>
        </test-method> <!-- f -->
        <test-method is-config="true" signature="afterClass()[pri:0, instance:piit.AutomationTrainingProgram.Browser2@2a798d51]" started-at="2022-05-11T18:34:25 EDT" name="afterClass" finished-at="2022-05-11T18:34:25 EDT" duration-ms="1" status="PASS">
          <reporter-output>
          </reporter-output>
        </test-method> <!-- afterClass -->
      </class> <!-- piit.AutomationTrainingProgram.Browser2 -->
    </test> <!-- RegressionOfChrome -->
    <test started-at="2022-05-11T18:34:13 EDT" name="RegressionOfFirefox" finished-at="2022-05-11T18:35:28 EDT" duration-ms="74889">
      <class name="piit.AutomationTrainingProgram.Signout">
        <test-method is-config="true" signature="beforeClass(java.lang.String)[pri:0, instance:piit.AutomationTrainingProgram.Signout@3023df74]" started-at="2022-05-11T18:34:40 EDT" name="beforeClass" finished-at="2022-05-11T18:34:58 EDT" duration-ms="18018" status="PASS">
          <params>
            <param index="0">
              <value>
                <![CDATA[Firefox]]>
              </value>
            </param>
          </params>
          <reporter-output>
          </reporter-output>
        </test-method> <!-- beforeClass -->
        <test-method is-config="true" signature="beforeClass()[pri:0, instance:piit.AutomationTrainingProgram.Signout@3023df74]" started-at="2022-05-11T18:34:58 EDT" name="beforeClass" finished-at="2022-05-11T18:34:58 EDT" duration-ms="0" status="PASS">
          <reporter-output>
          </reporter-output>
        </test-method> <!-- beforeClass -->
        <test-method signature="f()[pri:1, instance:piit.AutomationTrainingProgram.Signout@3023df74]" started-at="2022-05-11T18:34:58 EDT" name="f" finished-at="2022-05-11T18:35:19 EDT" duration-ms="20757" status="PASS">
          <reporter-output>
          </reporter-output>
        </test-method> <!-- f -->
        <test-method signature="TextVerificationMethod()[pri:2, instance:piit.AutomationTrainingProgram.Signout@3023df74]" started-at="2022-05-11T18:35:19 EDT" name="TextVerificationMethod" finished-at="2022-05-11T18:35:28 EDT" depends-on-methods="piit.AutomationTrainingProgram.Signout.f" duration-ms="9221" status="PASS">
          <reporter-output>
          </reporter-output>
        </test-method> <!-- TextVerificationMethod -->
        <test-method is-config="true" signature="afterClass()[pri:0, instance:piit.AutomationTrainingProgram.Signout@3023df74]" started-at="2022-05-11T18:35:28 EDT" name="afterClass" finished-at="2022-05-11T18:35:28 EDT" duration-ms="2" status="PASS">
          <reporter-output>
          </reporter-output>
        </test-method> <!-- afterClass -->
      </class> <!-- piit.AutomationTrainingProgram.Signout -->
      <class name="piit.AutomationTrainingProgram.Browser2">
        <test-method is-config="true" signature="beforeClass(java.lang.String)[pri:0, instance:piit.AutomationTrainingProgram.Browser2@4c371370]" started-at="2022-05-11T18:34:13 EDT" name="beforeClass" finished-at="2022-05-11T18:34:39 EDT" duration-ms="26104" status="PASS">
          <params>
            <param index="0">
              <value>
                <![CDATA[Firefox]]>
              </value>
            </param>
          </params>
          <reporter-output>
          </reporter-output>
        </test-method> <!-- beforeClass -->
        <test-method is-config="true" signature="beforeClass()[pri:0, instance:piit.AutomationTrainingProgram.Browser2@4c371370]" started-at="2022-05-11T18:34:39 EDT" name="beforeClass" finished-at="2022-05-11T18:34:39 EDT" duration-ms="0" status="PASS">
          <reporter-output>
          </reporter-output>
        </test-method> <!-- beforeClass -->
        <test-method signature="f()[pri:0, instance:piit.AutomationTrainingProgram.Browser2@4c371370]" started-at="2022-05-11T18:34:39 EDT" name="f" finished-at="2022-05-11T18:34:40 EDT" duration-ms="735" status="PASS">
          <reporter-output>
          </reporter-output>
        </test-method> <!-- f -->
        <test-method is-config="true" signature="afterClass()[pri:0, instance:piit.AutomationTrainingProgram.Browser2@4c371370]" started-at="2022-05-11T18:34:40 EDT" name="afterClass" finished-at="2022-05-11T18:34:40 EDT" duration-ms="1" status="PASS">
          <reporter-output>
          </reporter-output>
        </test-method> <!-- afterClass -->
      </class> <!-- piit.AutomationTrainingProgram.Browser2 -->
    </test> <!-- RegressionOfFirefox -->
  </suite> <!-- Adhoc -->
</testng-results>
